<?xml version="1.0" encoding="UTF-8"?>
<coverage generated="1674651746868" clover="3.2.0">
  <project timestamp="1674651746868" name="All files">
    <metrics statements="13" coveredstatements="10" conditionals="2" coveredconditionals="1" methods="4" coveredmethods="2" elements="19" coveredelements="13" complexity="0" loc="13" ncloc="13" packages="2" files="2" classes="2"/>
    <package name="ts">
      <metrics statements="11" coveredstatements="8" conditionals="2" coveredconditionals="1" methods="3" coveredmethods="1"/>
      <file name="functions.ts" path="C:\Users\vikto\Documents\GitHub\medieinstitutet\testning\test-assignment-unittest\src\ts\functions.ts">
        <metrics statements="11" coveredstatements="8" conditionals="2" coveredconditionals="1" methods="3" coveredmethods="1"/>
        <line num="2" count="1" type="stmt"/>
        <line num="4" count="1" type="stmt"/>
        <line num="5" count="1" type="cond" truecount="1" falsecount="1"/>
        <line num="6" count="1" type="stmt"/>
        <line num="7" count="1" type="stmt"/>
        <line num="8" count="1" type="stmt"/>
        <line num="10" count="0" type="stmt"/>
        <line num="14" count="1" type="stmt"/>
        <line num="15" count="0" type="stmt"/>
        <line num="18" count="1" type="stmt"/>
        <line num="19" count="0" type="stmt"/>
      </file>
    </package>
    <package name="ts.models">
      <metrics statements="2" coveredstatements="2" conditionals="0" coveredconditionals="0" methods="1" coveredmethods="1"/>
      <file name="Todo.ts" path="C:\Users\vikto\Documents\GitHub\medieinstitutet\testning\test-assignment-unittest\src\ts\models\Todo.ts">
        <metrics statements="2" coveredstatements="2" conditionals="0" coveredconditionals="0" methods="1" coveredmethods="1"/>
        <line num="1" count="1" type="stmt"/>
        <line num="2" count="1" type="stmt"/>
      </file>
    </package>
  </project>
</coverage>
